Arguments: 
  C:\Program Files\nodejs\node.exe C:\Program Files (x86)\Yarn\bin\yarn.js install

PATH: 
  C:\Windows\system32;C:\Windows;C:\Windows\System32\Wbem;C:\Windows\System32\WindowsPowerShell\v1.0\;C:\Windows\System32\OpenSSH\;C:\Program Files (x86)\NVIDIA Corporation\PhysX\Common;C:\Program Files (x86)\Yarn\bin\;C:\Program Files\Git\cmd;C:\Program Files\nodejs\;C:\Program Files\MongoDB\Server\6.0\bin;C:\Users\lion\AppData\Local\Programs\Python\Python311\Scripts\;C:\Users\lion\AppData\Local\Programs\Python\Python311\;C:\Users\lion\AppData\Local\Microsoft\WindowsApps;;C:\Users\lion\AppData\Local\Programs\Microsoft VS Code\bin;C:\Users\lion\AppData\Local\Yarn\bin;C:\Users\lion\AppData\Roaming\npm

Yarn version: 
  1.22.4

Node version: 
  20.8.0

Platform: 
  win32 x64

Trace: 
  SyntaxError: D:\medal\New folder\123\myapp\package.json: Expected double-quoted property name in JSON at position 1394
      at JSON.parse (<anonymous>)
      at C:\Program Files (x86)\Yarn\lib\cli.js:1625:59
      at Generator.next (<anonymous>)
      at step (C:\Program Files (x86)\Yarn\lib\cli.js:310:30)
      at C:\Program Files (x86)\Yarn\lib\cli.js:321:13

npm manifest: 
  {
    "name": "myapp",
    "version": "0.1.0",
    "private": true,
    "dependencies": {
      "@testing-library/jest-dom": "^5.17.0",
      "@testing-library/react": "^13.4.0",
      "@testing-library/user-event": "^13.5.0",
      "react": "^18.2.0",
      "react-dom": "^18.2.0",
      "react-scripts": "5.0.1",
      "web-vitals": "^2.1.4",
      "@emotion/react": "^11.11.1",
      "@emotion/styled": "^11.11.0",
      "@faker-js/faker": "^8.1.0",
      "@iconify/react": "^4.1.1",
      "@mui/icons-material": "^5.15.12",
      "@mui/lab": "^5.0.0-alpha.147",
      "@mui/material": "^5.14.12",
      "apexcharts": "^3.43.0",
      "date-fns": "^2.30.0",
      "history": "^5.3.0",
      "lodash": "^4.17.21",
      "numeral": "^2.0.6",
      "prop-types": "^15.8.1",
      "react-apexcharts": "^1.4.1",
      "react-helmet-async": "^1.3.0",
      "react-hook-form": "^7.47.0",
      "react-router-dom": "^6.16.0",
      "simplebar-react": "^3.2.4"
    },
    "devDependencies": {
      "eslint": "^8.51.0",
      "eslint-config-airbnb": "^19.0.4",
      "eslint-config-prettier": "^9.0.0",
      "eslint-import-resolver-alias": "^1.1.2",
      "eslint-plugin-import": "^2.28.1",
      "eslint-plugin-jsx-a11y": "^6.7.1",
      "eslint-plugin-perfectionist": "^2.1.0",
      "eslint-plugin-prettier": "^5.0.0",
      "eslint-plugin-react": "^7.33.2",
      "eslint-plugin-react-hooks": "^4.6.0",
      "eslint-plugin-unused-imports": "^3.0.0",
      "prettier": "^3.0.3",
    },
    "scripts": {
      "start": "react-scripts start",
      "build": "react-scripts build",
      "test": "react-scripts test",
      "eject": "react-scripts eject"
    },
    "eslintConfig": {
      "extends": [
        "react-app",
        "react-app/jest"
      ]
    },
    "browserslist": {
      "production": [
        ">0.2%",
        "not dead",
        "not op_mini all"
      ],
      "development": [
        "last 1 chrome version",
        "last 1 firefox version",
        "last 1 safari version"
      ]
    }
  }

yarn manifest: 
  No manifest

Lockfile: 
  No lockfile
